2022-06-06 10:31:44,544 INFO com.hello.HelloApplication [restartedMain] Starting HelloApplication using Java 1.8.0_251 on API_Service with PID 10328 (D:\demo project\Hello\hello\target\classes started by tuan0 in D:\demo project\Hello\hello)
2022-06-06 10:31:44,544 INFO com.hello.HelloApplication [restartedMain] No active profile set, falling back to 1 default profile: "default"
2022-06-06 10:31:45,143 INFO org.apache.coyote.http11.Http11NioProtocol [restartedMain] Initializing ProtocolHandler ["http-nio-8080"]
2022-06-06 10:31:45,143 INFO org.apache.catalina.core.StandardService [restartedMain] Starting service [Tomcat]
2022-06-06 10:31:45,143 INFO org.apache.catalina.core.StandardEngine [restartedMain] Starting Servlet engine: [Apache Tomcat/9.0.63]
2022-06-06 10:31:45,315 INFO org.apache.catalina.core.ContainerBase.[Tomcat].[localhost].[/] [restartedMain] Initializing Spring embedded WebApplicationContext
2022-06-06 10:31:45,520 INFO org.apache.coyote.http11.Http11NioProtocol [restartedMain] Starting ProtocolHandler ["http-nio-8080"]
2022-06-06 10:31:45,536 INFO com.hello.HelloApplication [restartedMain] Started HelloApplication in 1.198 seconds (JVM running for 2.091)
2022-06-06 10:31:45,536 INFO com.hello.HelloApplication [restartedMain] Hello word (lần 1 )
2022-06-06 10:31:45,536 INFO com.hello.HelloApplication [restartedMain] Hello word (lần 2 )
2022-06-06 10:31:45,536 INFO com.hello.HelloApplication [restartedMain] Hello word (lần 3 )
2022-06-06 10:31:45,536 INFO com.hello.HelloApplication [restartedMain] Hello word (lần 4 )
2022-06-06 10:31:45,536 INFO com.hello.HelloApplication [restartedMain] Hello word (lần 5 )
2022-06-06 10:31:45,536 INFO com.hello.HelloApplication [restartedMain] Hello word (lần 6 )
2022-06-06 10:31:45,536 INFO com.hello.HelloApplication [restartedMain] Hello word (lần 7 )
2022-06-06 10:31:45,536 INFO com.hello.HelloApplication [restartedMain] Hello word (lần 8 )
2022-06-06 10:31:45,536 INFO com.hello.HelloApplication [restartedMain] Hello word (lần 9 )
2022-06-06 10:31:45,536 INFO com.hello.HelloApplication [restartedMain] Hello word (lần 10 )
2022-06-06 10:31:45,536 INFO com.hello.HelloApplication [restartedMain] Hello word (lần 11 )
2022-06-06 10:31:45,536 INFO com.hello.HelloApplication [restartedMain] Hello word (lần 12 )
2022-06-06 10:31:45,536 INFO com.hello.HelloApplication [restartedMain] Hello word (lần 13 )
2022-06-06 10:31:45,536 INFO com.hello.HelloApplication [restartedMain] Hello word (lần 14 )
2022-06-06 10:31:45,536 INFO com.hello.HelloApplication [restartedMain] Hello word (lần 15 )
2022-06-06 10:31:45,536 INFO com.hello.HelloApplication [restartedMain] Hello word (lần 16 )
2022-06-06 10:31:45,536 INFO com.hello.HelloApplication [restartedMain] Hello word (lần 17 )
2022-06-06 10:31:45,536 INFO com.hello.HelloApplication [restartedMain] Hello word (lần 18 )
2022-06-06 10:31:45,536 INFO com.hello.HelloApplication [restartedMain] Hello word (lần 19 )
2022-06-06 10:31:45,536 INFO com.hello.HelloApplication [restartedMain] Hello word (lần 20 )
2022-06-06 10:31:45,536 INFO com.hello.HelloApplication [restartedMain] Hello word (lần 21 )
2022-06-06 10:31:45,536 INFO com.hello.HelloApplication [restartedMain] Hello word (lần 22 )
2022-06-06 10:31:45,536 INFO com.hello.HelloApplication [restartedMain] Hello word (lần 23 )
2022-06-06 10:31:45,536 INFO com.hello.HelloApplication [restartedMain] Hello word (lần 24 )
2022-06-06 10:31:45,536 INFO com.hello.HelloApplication [restartedMain] Hello word (lần 25 )
2022-06-06 10:31:45,536 INFO com.hello.HelloApplication [restartedMain] Hello word (lần 26 )
2022-06-06 10:31:45,536 INFO com.hello.HelloApplication [restartedMain] Hello word (lần 27 )
2022-06-06 10:31:45,536 INFO com.hello.HelloApplication [restartedMain] Hello word (lần 28 )
2022-06-06 10:31:45,536 INFO com.hello.HelloApplication [restartedMain] Hello word (lần 29 )
2022-06-06 10:31:45,536 INFO com.hello.HelloApplication [restartedMain] Hello word (lần 30 )
2022-06-06 10:31:45,536 INFO com.hello.HelloApplication [restartedMain] Hello word (lần 31 )
2022-06-06 10:31:45,536 INFO com.hello.HelloApplication [restartedMain] Hello word (lần 32 )
2022-06-06 10:31:45,536 INFO com.hello.HelloApplication [restartedMain] Hello word (lần 33 )
2022-06-06 10:31:45,536 INFO com.hello.HelloApplication [restartedMain] Hello word (lần 34 )
2022-06-06 10:31:45,536 INFO com.hello.HelloApplication [restartedMain] Hello word (lần 35 )
2022-06-06 10:31:45,536 INFO com.hello.HelloApplication [restartedMain] Hello word (lần 36 )
2022-06-06 10:31:45,536 INFO com.hello.HelloApplication [restartedMain] Hello word (lần 37 )
2022-06-06 10:31:45,536 INFO com.hello.HelloApplication [restartedMain] Hello word (lần 38 )
2022-06-06 10:31:45,536 INFO com.hello.HelloApplication [restartedMain] Hello word (lần 39 )
2022-06-06 10:31:45,536 INFO com.hello.HelloApplication [restartedMain] Hello word (lần 40 )
2022-06-06 10:31:45,536 INFO com.hello.HelloApplication [restartedMain] Hello word (lần 41 )
2022-06-06 10:31:45,536 INFO com.hello.HelloApplication [restartedMain] Hello word (lần 42 )
2022-06-06 10:31:45,536 INFO com.hello.HelloApplication [restartedMain] Hello word (lần 43 )
2022-06-06 10:31:45,536 INFO com.hello.HelloApplication [restartedMain] Hello word (lần 44 )
2022-06-06 10:31:45,536 INFO com.hello.HelloApplication [restartedMain] Hello word (lần 45 )
2022-06-06 10:31:45,536 INFO com.hello.HelloApplication [restartedMain] Hello word (lần 46 )
2022-06-06 10:31:45,536 INFO com.hello.HelloApplication [restartedMain] Hello word (lần 47 )
2022-06-06 10:31:45,536 INFO com.hello.HelloApplication [restartedMain] Hello word (lần 48 )
2022-06-06 10:31:45,536 INFO com.hello.HelloApplication [restartedMain] Hello word (lần 49 )
2022-06-06 10:31:45,536 INFO com.hello.HelloApplication [restartedMain] Hello word (lần 50 )
2022-06-06 10:31:45,536 INFO com.hello.HelloApplication [restartedMain] Hello word (lần 51 )
2022-06-06 10:31:45,536 INFO com.hello.HelloApplication [restartedMain] Hello word (lần 52 )
2022-06-06 10:31:45,536 INFO com.hello.HelloApplication [restartedMain] Hello word (lần 53 )
2022-06-06 10:31:45,536 INFO com.hello.HelloApplication [restartedMain] Hello word (lần 54 )
2022-06-06 10:31:45,536 INFO com.hello.HelloApplication [restartedMain] Hello word (lần 55 )
2022-06-06 10:31:45,536 INFO com.hello.HelloApplication [restartedMain] Hello word (lần 56 )
2022-06-06 10:31:45,536 INFO com.hello.HelloApplication [restartedMain] Hello word (lần 57 )
2022-06-06 10:31:45,536 INFO com.hello.HelloApplication [restartedMain] Hello word (lần 58 )
2022-06-06 10:31:45,536 INFO com.hello.HelloApplication [restartedMain] Hello word (lần 59 )
2022-06-06 10:31:45,536 INFO com.hello.HelloApplication [restartedMain] Hello word (lần 60 )
2022-06-06 10:31:45,536 INFO com.hello.HelloApplication [restartedMain] Hello word (lần 61 )
2022-06-06 10:31:45,536 INFO com.hello.HelloApplication [restartedMain] Hello word (lần 62 )
2022-06-06 10:31:45,536 INFO com.hello.HelloApplication [restartedMain] Hello word (lần 63 )
2022-06-06 10:31:45,536 INFO com.hello.HelloApplication [restartedMain] Hello word (lần 64 )
2022-06-06 10:31:45,536 INFO com.hello.HelloApplication [restartedMain] Hello word (lần 65 )
2022-06-06 10:31:45,536 INFO com.hello.HelloApplication [restartedMain] Hello word (lần 66 )
2022-06-06 10:31:45,536 INFO com.hello.HelloApplication [restartedMain] Hello word (lần 67 )
2022-06-06 10:31:45,536 INFO com.hello.HelloApplication [restartedMain] Hello word (lần 68 )
2022-06-06 10:31:45,536 INFO com.hello.HelloApplication [restartedMain] Hello word (lần 69 )
2022-06-06 10:31:45,536 INFO com.hello.HelloApplication [restartedMain] Hello word (lần 70 )
2022-06-06 10:31:45,536 INFO com.hello.HelloApplication [restartedMain] Hello word (lần 71 )
2022-06-06 10:31:45,536 INFO com.hello.HelloApplication [restartedMain] Hello word (lần 72 )
2022-06-06 10:31:45,536 INFO com.hello.HelloApplication [restartedMain] Hello word (lần 73 )
2022-06-06 10:31:45,536 INFO com.hello.HelloApplication [restartedMain] Hello word (lần 74 )
2022-06-06 10:31:45,536 INFO com.hello.HelloApplication [restartedMain] Hello word (lần 75 )
2022-06-06 10:31:45,536 INFO com.hello.HelloApplication [restartedMain] Hello word (lần 76 )
2022-06-06 10:31:45,536 INFO com.hello.HelloApplication [restartedMain] Hello word (lần 77 )
2022-06-06 10:31:45,536 INFO com.hello.HelloApplication [restartedMain] Hello word (lần 78 )
2022-06-06 10:31:45,536 INFO com.hello.HelloApplication [restartedMain] Hello word (lần 79 )
2022-06-06 10:31:45,536 INFO com.hello.HelloApplication [restartedMain] Hello word (lần 80 )
2022-06-06 10:31:45,536 INFO com.hello.HelloApplication [restartedMain] Hello word (lần 81 )
2022-06-06 10:31:45,536 INFO com.hello.HelloApplication [restartedMain] Hello word (lần 82 )
2022-06-06 10:31:45,536 INFO com.hello.HelloApplication [restartedMain] Hello word (lần 83 )
2022-06-06 10:31:45,536 INFO com.hello.HelloApplication [restartedMain] Hello word (lần 84 )
2022-06-06 10:31:45,536 INFO com.hello.HelloApplication [restartedMain] Hello word (lần 85 )
2022-06-06 10:31:45,536 INFO com.hello.HelloApplication [restartedMain] Hello word (lần 86 )
2022-06-06 10:31:45,536 INFO com.hello.HelloApplication [restartedMain] Hello word (lần 87 )
2022-06-06 10:31:45,536 INFO com.hello.HelloApplication [restartedMain] Hello word (lần 88 )
2022-06-06 10:31:45,536 INFO com.hello.HelloApplication [restartedMain] Hello word (lần 89 )
2022-06-06 10:31:45,536 INFO com.hello.HelloApplication [restartedMain] Hello word (lần 90 )
2022-06-06 10:31:45,536 INFO com.hello.HelloApplication [restartedMain] Hello word (lần 91 )
2022-06-06 10:31:45,536 INFO com.hello.HelloApplication [restartedMain] Hello word (lần 92 )
2022-06-06 10:31:45,536 INFO com.hello.HelloApplication [restartedMain] Hello word (lần 93 )
2022-06-06 10:31:45,536 INFO com.hello.HelloApplication [restartedMain] Hello word (lần 94 )
2022-06-06 10:31:45,536 INFO com.hello.HelloApplication [restartedMain] Hello word (lần 95 )
2022-06-06 10:31:45,536 INFO com.hello.HelloApplication [restartedMain] Hello word (lần 96 )
2022-06-06 10:31:45,536 INFO com.hello.HelloApplication [restartedMain] Hello word (lần 97 )
2022-06-06 10:31:45,536 INFO com.hello.HelloApplication [restartedMain] Hello word (lần 98 )
2022-06-06 10:31:45,536 INFO com.hello.HelloApplication [restartedMain] Hello word (lần 99 )
2022-06-06 10:31:45,536 INFO com.hello.HelloApplication [restartedMain] Hello word (lần 100 )
2022-06-06 10:32:02,895 INFO com.hello.HelloApplication [restartedMain] Starting HelloApplication using Java 1.8.0_251 on API_Service with PID 3044 (D:\demo project\Hello\hello\target\classes started by tuan0 in D:\demo project\Hello\hello)
2022-06-06 10:32:02,895 INFO com.hello.HelloApplication [restartedMain] No active profile set, falling back to 1 default profile: "default"
2022-06-06 10:32:03,499 INFO org.apache.coyote.http11.Http11NioProtocol [restartedMain] Initializing ProtocolHandler ["http-nio-8080"]
2022-06-06 10:32:03,499 INFO org.apache.catalina.core.StandardService [restartedMain] Starting service [Tomcat]
2022-06-06 10:32:03,499 INFO org.apache.catalina.core.StandardEngine [restartedMain] Starting Servlet engine: [Apache Tomcat/9.0.63]
2022-06-06 10:32:03,672 INFO org.apache.catalina.core.ContainerBase.[Tomcat].[localhost].[/] [restartedMain] Initializing Spring embedded WebApplicationContext
2022-06-06 10:32:03,871 INFO org.apache.coyote.http11.Http11NioProtocol [restartedMain] Starting ProtocolHandler ["http-nio-8080"]
2022-06-06 10:32:03,890 INFO com.hello.HelloApplication [restartedMain] Started HelloApplication in 1.23 seconds (JVM running for 2.164)
2022-06-06 10:32:03,890 INFO com.hello.HelloApplication [restartedMain] Hello word (lần 1 )
2022-06-06 10:32:03,890 INFO com.hello.HelloApplication [restartedMain] Hello word (lần 2 )
2022-06-06 10:32:03,890 INFO com.hello.HelloApplication [restartedMain] Hello word (lần 3 )
2022-06-06 10:32:03,890 INFO com.hello.HelloApplication [restartedMain] Hello word (lần 4 )
2022-06-06 10:32:03,890 INFO com.hello.HelloApplication [restartedMain] Hello word (lần 5 )
2022-06-06 10:32:03,890 INFO com.hello.HelloApplication [restartedMain] Hello word (lần 6 )
2022-06-06 10:32:03,890 INFO com.hello.HelloApplication [restartedMain] Hello word (lần 7 )
2022-06-06 10:32:03,890 INFO com.hello.HelloApplication [restartedMain] Hello word (lần 8 )
2022-06-06 10:32:03,890 INFO com.hello.HelloApplication [restartedMain] Hello word (lần 9 )
2022-06-06 10:32:03,890 INFO com.hello.HelloApplication [restartedMain] Hello word (lần 10 )
2022-06-06 10:32:03,890 INFO com.hello.HelloApplication [restartedMain] Hello word (lần 11 )
2022-06-06 10:32:03,890 INFO com.hello.HelloApplication [restartedMain] Hello word (lần 12 )
2022-06-06 10:32:03,890 INFO com.hello.HelloApplication [restartedMain] Hello word (lần 13 )
2022-06-06 10:32:03,890 INFO com.hello.HelloApplication [restartedMain] Hello word (lần 14 )
2022-06-06 10:32:03,890 INFO com.hello.HelloApplication [restartedMain] Hello word (lần 15 )
2022-06-06 10:32:03,890 INFO com.hello.HelloApplication [restartedMain] Hello word (lần 16 )
2022-06-06 10:32:03,890 INFO com.hello.HelloApplication [restartedMain] Hello word (lần 17 )
2022-06-06 10:32:03,890 INFO com.hello.HelloApplication [restartedMain] Hello word (lần 18 )
2022-06-06 10:32:03,890 INFO com.hello.HelloApplication [restartedMain] Hello word (lần 19 )
2022-06-06 10:32:03,890 INFO com.hello.HelloApplication [restartedMain] Hello word (lần 20 )
2022-06-06 10:32:03,890 INFO com.hello.HelloApplication [restartedMain] Hello word (lần 21 )
2022-06-06 10:32:03,890 INFO com.hello.HelloApplication [restartedMain] Hello word (lần 22 )
2022-06-06 10:32:03,890 INFO com.hello.HelloApplication [restartedMain] Hello word (lần 23 )
2022-06-06 10:32:03,890 INFO com.hello.HelloApplication [restartedMain] Hello word (lần 24 )
2022-06-06 10:32:03,890 INFO com.hello.HelloApplication [restartedMain] Hello word (lần 25 )
2022-06-06 10:32:03,890 INFO com.hello.HelloApplication [restartedMain] Hello word (lần 26 )
2022-06-06 10:32:03,890 INFO com.hello.HelloApplication [restartedMain] Hello word (lần 27 )
2022-06-06 10:32:03,890 INFO com.hello.HelloApplication [restartedMain] Hello word (lần 28 )
2022-06-06 10:32:03,890 INFO com.hello.HelloApplication [restartedMain] Hello word (lần 29 )
2022-06-06 10:32:03,890 INFO com.hello.HelloApplication [restartedMain] Hello word (lần 30 )
2022-06-06 10:32:03,890 INFO com.hello.HelloApplication [restartedMain] Hello word (lần 31 )
2022-06-06 10:32:03,890 INFO com.hello.HelloApplication [restartedMain] Hello word (lần 32 )
2022-06-06 10:32:03,890 INFO com.hello.HelloApplication [restartedMain] Hello word (lần 33 )
2022-06-06 10:32:03,890 INFO com.hello.HelloApplication [restartedMain] Hello word (lần 34 )
2022-06-06 10:32:03,890 INFO com.hello.HelloApplication [restartedMain] Hello word (lần 35 )
2022-06-06 10:32:03,890 INFO com.hello.HelloApplication [restartedMain] Hello word (lần 36 )
2022-06-06 10:32:03,890 INFO com.hello.HelloApplication [restartedMain] Hello word (lần 37 )
2022-06-06 10:32:03,890 INFO com.hello.HelloApplication [restartedMain] Hello word (lần 38 )
2022-06-06 10:32:03,890 INFO com.hello.HelloApplication [restartedMain] Hello word (lần 39 )
2022-06-06 10:32:03,890 INFO com.hello.HelloApplication [restartedMain] Hello word (lần 40 )
2022-06-06 10:32:03,890 INFO com.hello.HelloApplication [restartedMain] Hello word (lần 41 )
2022-06-06 10:32:03,890 INFO com.hello.HelloApplication [restartedMain] Hello word (lần 42 )
2022-06-06 10:32:03,890 INFO com.hello.HelloApplication [restartedMain] Hello word (lần 43 )
2022-06-06 10:32:03,890 INFO com.hello.HelloApplication [restartedMain] Hello word (lần 44 )
2022-06-06 10:32:03,890 INFO com.hello.HelloApplication [restartedMain] Hello word (lần 45 )
2022-06-06 10:32:03,890 INFO com.hello.HelloApplication [restartedMain] Hello word (lần 46 )
2022-06-06 10:32:03,890 INFO com.hello.HelloApplication [restartedMain] Hello word (lần 47 )
2022-06-06 10:32:03,890 INFO com.hello.HelloApplication [restartedMain] Hello word (lần 48 )
2022-06-06 10:32:03,890 INFO com.hello.HelloApplication [restartedMain] Hello word (lần 49 )
2022-06-06 10:32:03,890 INFO com.hello.HelloApplication [restartedMain] Hello word (lần 50 )
2022-06-06 10:32:03,890 INFO com.hello.HelloApplication [restartedMain] Hello word (lần 51 )
2022-06-06 10:32:03,890 INFO com.hello.HelloApplication [restartedMain] Hello word (lần 52 )
2022-06-06 10:32:03,890 INFO com.hello.HelloApplication [restartedMain] Hello word (lần 53 )
2022-06-06 10:32:03,890 INFO com.hello.HelloApplication [restartedMain] Hello word (lần 54 )
2022-06-06 10:32:03,890 INFO com.hello.HelloApplication [restartedMain] Hello word (lần 55 )
2022-06-06 10:32:03,890 INFO com.hello.HelloApplication [restartedMain] Hello word (lần 56 )
2022-06-06 10:32:03,906 INFO com.hello.HelloApplication [restartedMain] Hello word (lần 57 )
2022-06-06 10:32:03,906 INFO com.hello.HelloApplication [restartedMain] Hello word (lần 58 )
2022-06-06 10:32:03,906 INFO com.hello.HelloApplication [restartedMain] Hello word (lần 59 )
2022-06-06 10:32:03,906 INFO com.hello.HelloApplication [restartedMain] Hello word (lần 60 )
2022-06-06 10:32:03,906 INFO com.hello.HelloApplication [restartedMain] Hello word (lần 61 )
2022-06-06 10:32:03,906 INFO com.hello.HelloApplication [restartedMain] Hello word (lần 62 )
2022-06-06 10:32:03,906 INFO com.hello.HelloApplication [restartedMain] Hello word (lần 63 )
2022-06-06 10:32:03,906 INFO com.hello.HelloApplication [restartedMain] Hello word (lần 64 )
2022-06-06 10:32:03,906 INFO com.hello.HelloApplication [restartedMain] Hello word (lần 65 )
2022-06-06 10:32:03,906 INFO com.hello.HelloApplication [restartedMain] Hello word (lần 66 )
2022-06-06 10:32:03,906 INFO com.hello.HelloApplication [restartedMain] Hello word (lần 67 )
2022-06-06 10:32:03,906 INFO com.hello.HelloApplication [restartedMain] Hello word (lần 68 )
2022-06-06 10:32:03,906 INFO com.hello.HelloApplication [restartedMain] Hello word (lần 69 )
2022-06-06 10:32:03,906 INFO com.hello.HelloApplication [restartedMain] Hello word (lần 70 )
2022-06-06 10:32:03,906 INFO com.hello.HelloApplication [restartedMain] Hello word (lần 71 )
2022-06-06 10:32:03,906 INFO com.hello.HelloApplication [restartedMain] Hello word (lần 72 )
2022-06-06 10:32:03,906 INFO com.hello.HelloApplication [restartedMain] Hello word (lần 73 )
2022-06-06 10:32:03,906 INFO com.hello.HelloApplication [restartedMain] Hello word (lần 74 )
2022-06-06 10:32:03,906 INFO com.hello.HelloApplication [restartedMain] Hello word (lần 75 )
2022-06-06 10:32:03,906 INFO com.hello.HelloApplication [restartedMain] Hello word (lần 76 )
2022-06-06 10:32:03,906 INFO com.hello.HelloApplication [restartedMain] Hello word (lần 77 )
2022-06-06 10:32:03,906 INFO com.hello.HelloApplication [restartedMain] Hello word (lần 78 )
2022-06-06 10:32:03,906 INFO com.hello.HelloApplication [restartedMain] Hello word (lần 79 )
2022-06-06 10:32:03,906 INFO com.hello.HelloApplication [restartedMain] Hello word (lần 80 )
2022-06-06 10:32:03,906 INFO com.hello.HelloApplication [restartedMain] Hello word (lần 81 )
2022-06-06 10:32:03,906 INFO com.hello.HelloApplication [restartedMain] Hello word (lần 82 )
2022-06-06 10:32:03,906 INFO com.hello.HelloApplication [restartedMain] Hello word (lần 83 )
2022-06-06 10:32:03,906 INFO com.hello.HelloApplication [restartedMain] Hello word (lần 84 )
2022-06-06 10:32:03,906 INFO com.hello.HelloApplication [restartedMain] Hello word (lần 85 )
2022-06-06 10:32:03,906 INFO com.hello.HelloApplication [restartedMain] Hello word (lần 86 )
2022-06-06 10:32:03,906 INFO com.hello.HelloApplication [restartedMain] Hello word (lần 87 )
2022-06-06 10:32:03,906 INFO com.hello.HelloApplication [restartedMain] Hello word (lần 88 )
2022-06-06 10:32:03,906 INFO com.hello.HelloApplication [restartedMain] Hello word (lần 89 )
2022-06-06 10:32:03,906 INFO com.hello.HelloApplication [restartedMain] Hello word (lần 90 )
2022-06-06 10:32:03,906 INFO com.hello.HelloApplication [restartedMain] Hello word (lần 91 )
2022-06-06 10:32:03,906 INFO com.hello.HelloApplication [restartedMain] Hello word (lần 92 )
2022-06-06 10:32:03,906 INFO com.hello.HelloApplication [restartedMain] Hello word (lần 93 )
2022-06-06 10:32:03,906 INFO com.hello.HelloApplication [restartedMain] Hello word (lần 94 )
2022-06-06 10:32:03,906 INFO com.hello.HelloApplication [restartedMain] Hello word (lần 95 )
2022-06-06 10:32:03,906 INFO com.hello.HelloApplication [restartedMain] Hello word (lần 96 )
2022-06-06 10:32:03,906 INFO com.hello.HelloApplication [restartedMain] Hello word (lần 97 )
2022-06-06 10:32:03,906 INFO com.hello.HelloApplication [restartedMain] Hello word (lần 98 )
2022-06-06 10:32:03,906 INFO com.hello.HelloApplication [restartedMain] Hello word (lần 99 )
2022-06-06 10:32:03,906 INFO com.hello.HelloApplication [restartedMain] Hello word (lần 100 )
2022-06-06 10:32:33,136 INFO com.hello.HelloApplication [restartedMain] Starting HelloApplication using Java 1.8.0_251 on API_Service with PID 15788 (D:\demo project\Hello\hello\target\classes started by tuan0 in D:\demo project\Hello\hello)
2022-06-06 10:32:33,152 INFO com.hello.HelloApplication [restartedMain] No active profile set, falling back to 1 default profile: "default"
2022-06-06 10:32:33,772 INFO org.apache.coyote.http11.Http11NioProtocol [restartedMain] Initializing ProtocolHandler ["http-nio-8080"]
2022-06-06 10:32:33,772 INFO org.apache.catalina.core.StandardService [restartedMain] Starting service [Tomcat]
2022-06-06 10:32:33,772 INFO org.apache.catalina.core.StandardEngine [restartedMain] Starting Servlet engine: [Apache Tomcat/9.0.63]
2022-06-06 10:32:33,944 INFO org.apache.catalina.core.ContainerBase.[Tomcat].[localhost].[/] [restartedMain] Initializing Spring embedded WebApplicationContext
2022-06-06 10:32:34,148 INFO org.apache.coyote.http11.Http11NioProtocol [restartedMain] Starting ProtocolHandler ["http-nio-8080"]
2022-06-06 10:32:34,164 INFO com.hello.HelloApplication [restartedMain] Started HelloApplication in 1.276 seconds (JVM running for 2.147)
2022-06-06 10:32:34,164 INFO com.hello.HelloApplication [restartedMain] Hello word (lần 1 )
2022-06-06 10:32:34,164 INFO com.hello.HelloApplication [restartedMain] Hello word (lần 2 )
2022-06-06 10:32:34,164 INFO com.hello.HelloApplication [restartedMain] Hello word (lần 3 )
2022-06-06 10:32:34,164 INFO com.hello.HelloApplication [restartedMain] Hello word (lần 4 )
2022-06-06 10:32:34,164 INFO com.hello.HelloApplication [restartedMain] Hello word (lần 5 )
2022-06-06 10:32:34,164 INFO com.hello.HelloApplication [restartedMain] Hello word (lần 6 )
2022-06-06 10:32:34,164 INFO com.hello.HelloApplication [restartedMain] Hello word (lần 7 )
2022-06-06 10:32:34,164 INFO com.hello.HelloApplication [restartedMain] Hello word (lần 8 )
2022-06-06 10:32:34,164 INFO com.hello.HelloApplication [restartedMain] Hello word (lần 9 )
2022-06-06 10:32:34,164 INFO com.hello.HelloApplication [restartedMain] Hello word (lần 10 )
2022-06-06 10:32:34,164 INFO com.hello.HelloApplication [restartedMain] Hello word (lần 11 )
2022-06-06 10:32:34,164 INFO com.hello.HelloApplication [restartedMain] Hello word (lần 12 )
2022-06-06 10:32:34,164 INFO com.hello.HelloApplication [restartedMain] Hello word (lần 13 )
2022-06-06 10:32:34,164 INFO com.hello.HelloApplication [restartedMain] Hello word (lần 14 )
2022-06-06 10:32:34,164 INFO com.hello.HelloApplication [restartedMain] Hello word (lần 15 )
2022-06-06 10:32:34,164 INFO com.hello.HelloApplication [restartedMain] Hello word (lần 16 )
2022-06-06 10:32:34,164 INFO com.hello.HelloApplication [restartedMain] Hello word (lần 17 )
2022-06-06 10:32:34,164 INFO com.hello.HelloApplication [restartedMain] Hello word (lần 18 )
2022-06-06 10:32:34,164 INFO com.hello.HelloApplication [restartedMain] Hello word (lần 19 )
2022-06-06 10:32:34,164 INFO com.hello.HelloApplication [restartedMain] Hello word (lần 20 )
2022-06-06 10:32:34,164 INFO com.hello.HelloApplication [restartedMain] Hello word (lần 21 )
2022-06-06 10:32:34,164 INFO com.hello.HelloApplication [restartedMain] Hello word (lần 22 )
2022-06-06 10:32:34,164 INFO com.hello.HelloApplication [restartedMain] Hello word (lần 23 )
2022-06-06 10:32:34,164 INFO com.hello.HelloApplication [restartedMain] Hello word (lần 24 )
2022-06-06 10:32:34,164 INFO com.hello.HelloApplication [restartedMain] Hello word (lần 25 )
2022-06-06 10:32:34,164 INFO com.hello.HelloApplication [restartedMain] Hello word (lần 26 )
2022-06-06 10:32:34,164 INFO com.hello.HelloApplication [restartedMain] Hello word (lần 27 )
2022-06-06 10:32:34,164 INFO com.hello.HelloApplication [restartedMain] Hello word (lần 28 )
2022-06-06 10:32:34,164 INFO com.hello.HelloApplication [restartedMain] Hello word (lần 29 )
2022-06-06 10:32:34,164 INFO com.hello.HelloApplication [restartedMain] Hello word (lần 30 )
2022-06-06 10:32:34,164 INFO com.hello.HelloApplication [restartedMain] Hello word (lần 31 )
2022-06-06 10:32:34,164 INFO com.hello.HelloApplication [restartedMain] Hello word (lần 32 )
2022-06-06 10:32:34,164 INFO com.hello.HelloApplication [restartedMain] Hello word (lần 33 )
2022-06-06 10:32:34,164 INFO com.hello.HelloApplication [restartedMain] Hello word (lần 34 )
2022-06-06 10:32:34,164 INFO com.hello.HelloApplication [restartedMain] Hello word (lần 35 )
2022-06-06 10:32:34,164 INFO com.hello.HelloApplication [restartedMain] Hello word (lần 36 )
2022-06-06 10:32:34,164 INFO com.hello.HelloApplication [restartedMain] Hello word (lần 37 )
2022-06-06 10:32:34,164 INFO com.hello.HelloApplication [restartedMain] Hello word (lần 38 )
2022-06-06 10:32:34,164 INFO com.hello.HelloApplication [restartedMain] Hello word (lần 39 )
2022-06-06 10:32:34,164 INFO com.hello.HelloApplication [restartedMain] Hello word (lần 40 )
2022-06-06 10:32:34,164 INFO com.hello.HelloApplication [restartedMain] Hello word (lần 41 )
2022-06-06 10:32:34,164 INFO com.hello.HelloApplication [restartedMain] Hello word (lần 42 )
2022-06-06 10:32:34,164 INFO com.hello.HelloApplication [restartedMain] Hello word (lần 43 )
2022-06-06 10:32:34,164 INFO com.hello.HelloApplication [restartedMain] Hello word (lần 44 )
2022-06-06 10:32:34,164 INFO com.hello.HelloApplication [restartedMain] Hello word (lần 45 )
2022-06-06 10:32:34,164 INFO com.hello.HelloApplication [restartedMain] Hello word (lần 46 )
2022-06-06 10:32:34,164 INFO com.hello.HelloApplication [restartedMain] Hello word (lần 47 )
2022-06-06 10:32:34,164 INFO com.hello.HelloApplication [restartedMain] Hello word (lần 48 )
2022-06-06 10:32:34,164 INFO com.hello.HelloApplication [restartedMain] Hello word (lần 49 )
2022-06-06 10:32:34,164 INFO com.hello.HelloApplication [restartedMain] Hello word (lần 50 )
2022-06-06 10:32:34,164 INFO com.hello.HelloApplication [restartedMain] Hello word (lần 51 )
2022-06-06 10:32:34,164 INFO com.hello.HelloApplication [restartedMain] Hello word (lần 52 )
2022-06-06 10:32:34,164 INFO com.hello.HelloApplication [restartedMain] Hello word (lần 53 )
2022-06-06 10:32:34,164 INFO com.hello.HelloApplication [restartedMain] Hello word (lần 54 )
2022-06-06 10:32:34,164 INFO com.hello.HelloApplication [restartedMain] Hello word (lần 55 )
2022-06-06 10:32:34,164 INFO com.hello.HelloApplication [restartedMain] Hello word (lần 56 )
2022-06-06 10:32:34,164 INFO com.hello.HelloApplication [restartedMain] Hello word (lần 57 )
2022-06-06 10:32:34,164 INFO com.hello.HelloApplication [restartedMain] Hello word (lần 58 )
2022-06-06 10:32:34,164 INFO com.hello.HelloApplication [restartedMain] Hello word (lần 59 )
2022-06-06 10:32:34,164 INFO com.hello.HelloApplication [restartedMain] Hello word (lần 60 )
2022-06-06 10:32:34,164 INFO com.hello.HelloApplication [restartedMain] Hello word (lần 61 )
2022-06-06 10:32:34,164 INFO com.hello.HelloApplication [restartedMain] Hello word (lần 62 )
2022-06-06 10:32:34,164 INFO com.hello.HelloApplication [restartedMain] Hello word (lần 63 )
2022-06-06 10:32:34,164 INFO com.hello.HelloApplication [restartedMain] Hello word (lần 64 )
2022-06-06 10:32:34,164 INFO com.hello.HelloApplication [restartedMain] Hello word (lần 65 )
2022-06-06 10:32:34,164 INFO com.hello.HelloApplication [restartedMain] Hello word (lần 66 )
2022-06-06 10:32:34,164 INFO com.hello.HelloApplication [restartedMain] Hello word (lần 67 )
2022-06-06 10:32:34,164 INFO com.hello.HelloApplication [restartedMain] Hello word (lần 68 )
2022-06-06 10:32:34,164 INFO com.hello.HelloApplication [restartedMain] Hello word (lần 69 )
2022-06-06 10:32:34,164 INFO com.hello.HelloApplication [restartedMain] Hello word (lần 70 )
2022-06-06 10:32:34,164 INFO com.hello.HelloApplication [restartedMain] Hello word (lần 71 )
2022-06-06 10:32:34,164 INFO com.hello.HelloApplication [restartedMain] Hello word (lần 72 )
2022-06-06 10:32:34,164 INFO com.hello.HelloApplication [restartedMain] Hello word (lần 73 )
2022-06-06 10:32:34,164 INFO com.hello.HelloApplication [restartedMain] Hello word (lần 74 )
2022-06-06 10:32:34,164 INFO com.hello.HelloApplication [restartedMain] Hello word (lần 75 )
2022-06-06 10:32:34,164 INFO com.hello.HelloApplication [restartedMain] Hello word (lần 76 )
2022-06-06 10:32:34,164 INFO com.hello.HelloApplication [restartedMain] Hello word (lần 77 )
2022-06-06 10:32:34,164 INFO com.hello.HelloApplication [restartedMain] Hello word (lần 78 )
2022-06-06 10:32:34,164 INFO com.hello.HelloApplication [restartedMain] Hello word (lần 79 )
2022-06-06 10:32:34,164 INFO com.hello.HelloApplication [restartedMain] Hello word (lần 80 )
2022-06-06 10:32:34,164 INFO com.hello.HelloApplication [restartedMain] Hello word (lần 81 )
2022-06-06 10:32:34,164 INFO com.hello.HelloApplication [restartedMain] Hello word (lần 82 )
2022-06-06 10:32:34,164 INFO com.hello.HelloApplication [restartedMain] Hello word (lần 83 )
2022-06-06 10:32:34,164 INFO com.hello.HelloApplication [restartedMain] Hello word (lần 84 )
2022-06-06 10:32:34,164 INFO com.hello.HelloApplication [restartedMain] Hello word (lần 85 )
2022-06-06 10:32:34,179 INFO com.hello.HelloApplication [restartedMain] Hello word (lần 86 )
2022-06-06 10:32:34,179 INFO com.hello.HelloApplication [restartedMain] Hello word (lần 87 )
2022-06-06 10:32:34,179 INFO com.hello.HelloApplication [restartedMain] Hello word (lần 88 )
2022-06-06 10:32:34,179 INFO com.hello.HelloApplication [restartedMain] Hello word (lần 89 )
2022-06-06 10:32:34,179 INFO com.hello.HelloApplication [restartedMain] Hello word (lần 90 )
2022-06-06 10:32:34,179 INFO com.hello.HelloApplication [restartedMain] Hello word (lần 91 )
2022-06-06 10:32:34,179 INFO com.hello.HelloApplication [restartedMain] Hello word (lần 92 )
2022-06-06 10:32:34,179 INFO com.hello.HelloApplication [restartedMain] Hello word (lần 93 )
2022-06-06 10:32:34,179 INFO com.hello.HelloApplication [restartedMain] Hello word (lần 94 )
2022-06-06 10:32:34,179 INFO com.hello.HelloApplication [restartedMain] Hello word (lần 95 )
2022-06-06 10:32:34,179 INFO com.hello.HelloApplication [restartedMain] Hello word (lần 96 )
2022-06-06 10:32:34,179 INFO com.hello.HelloApplication [restartedMain] Hello word (lần 97 )
2022-06-06 10:32:34,179 INFO com.hello.HelloApplication [restartedMain] Hello word (lần 98 )
2022-06-06 10:32:34,179 INFO com.hello.HelloApplication [restartedMain] Hello word (lần 99 )
2022-06-06 10:32:34,179 INFO com.hello.HelloApplication [restartedMain] Hello word (lần 100 )
2022-06-06 10:33:12,597 INFO com.hello.HelloApplication [restartedMain] Starting HelloApplication using Java 1.8.0_251 on API_Service with PID 25032 (D:\demo project\Hello\hello\target\classes started by tuan0 in D:\demo project\Hello\hello)
2022-06-06 10:33:12,597 INFO com.hello.HelloApplication [restartedMain] No active profile set, falling back to 1 default profile: "default"
2022-06-06 10:33:13,371 INFO org.apache.coyote.http11.Http11NioProtocol [restartedMain] Initializing ProtocolHandler ["http-nio-8080"]
2022-06-06 10:33:13,371 INFO org.apache.catalina.core.StandardService [restartedMain] Starting service [Tomcat]
2022-06-06 10:33:13,371 INFO org.apache.catalina.core.StandardEngine [restartedMain] Starting Servlet engine: [Apache Tomcat/9.0.63]
2022-06-06 10:33:13,541 INFO org.apache.catalina.core.ContainerBase.[Tomcat].[localhost].[/] [restartedMain] Initializing Spring embedded WebApplicationContext
2022-06-06 10:33:13,767 INFO org.apache.coyote.http11.Http11NioProtocol [restartedMain] Starting ProtocolHandler ["http-nio-8080"]
2022-06-06 10:33:13,782 INFO com.hello.HelloApplication [restartedMain] Started HelloApplication in 1.435 seconds (JVM running for 2.281)
2022-06-06 10:33:13,787 INFO com.hello.HelloApplication [restartedMain] Hello word (lần 1 )
2022-06-06 10:33:13,787 INFO com.hello.HelloApplication [restartedMain] Hello word (lần 2 )
2022-06-06 10:33:13,787 INFO com.hello.HelloApplication [restartedMain] Hello word (lần 3 )
2022-06-06 10:33:13,787 INFO com.hello.HelloApplication [restartedMain] Hello word (lần 4 )
2022-06-06 10:33:13,787 INFO com.hello.HelloApplication [restartedMain] Hello word (lần 5 )
2022-06-06 10:33:13,787 INFO com.hello.HelloApplication [restartedMain] Hello word (lần 6 )
2022-06-06 10:33:13,787 INFO com.hello.HelloApplication [restartedMain] Hello word (lần 7 )
2022-06-06 10:33:13,787 INFO com.hello.HelloApplication [restartedMain] Hello word (lần 8 )
2022-06-06 10:33:13,787 INFO com.hello.HelloApplication [restartedMain] Hello word (lần 9 )
2022-06-06 10:33:13,787 INFO com.hello.HelloApplication [restartedMain] Hello word (lần 10 )
2022-06-06 10:33:13,787 INFO com.hello.HelloApplication [restartedMain] Hello word (lần 11 )
2022-06-06 10:33:13,787 INFO com.hello.HelloApplication [restartedMain] Hello word (lần 12 )
2022-06-06 10:33:13,787 INFO com.hello.HelloApplication [restartedMain] Hello word (lần 13 )
2022-06-06 10:33:13,787 INFO com.hello.HelloApplication [restartedMain] Hello word (lần 14 )
2022-06-06 10:33:13,787 INFO com.hello.HelloApplication [restartedMain] Hello word (lần 15 )
2022-06-06 10:33:13,787 INFO com.hello.HelloApplication [restartedMain] Hello word (lần 16 )
2022-06-06 10:33:13,787 INFO com.hello.HelloApplication [restartedMain] Hello word (lần 17 )
2022-06-06 10:33:13,787 INFO com.hello.HelloApplication [restartedMain] Hello word (lần 18 )
2022-06-06 10:33:13,787 INFO com.hello.HelloApplication [restartedMain] Hello word (lần 19 )
2022-06-06 10:33:13,787 INFO com.hello.HelloApplication [restartedMain] Hello word (lần 20 )
2022-06-06 10:33:13,787 INFO com.hello.HelloApplication [restartedMain] Hello word (lần 21 )
2022-06-06 10:33:13,787 INFO com.hello.HelloApplication [restartedMain] Hello word (lần 22 )
2022-06-06 10:33:13,787 INFO com.hello.HelloApplication [restartedMain] Hello word (lần 23 )
2022-06-06 10:33:13,787 INFO com.hello.HelloApplication [restartedMain] Hello word (lần 24 )
2022-06-06 10:33:13,787 INFO com.hello.HelloApplication [restartedMain] Hello word (lần 25 )
2022-06-06 10:33:13,787 INFO com.hello.HelloApplication [restartedMain] Hello word (lần 26 )
2022-06-06 10:33:13,787 INFO com.hello.HelloApplication [restartedMain] Hello word (lần 27 )
2022-06-06 10:33:13,787 INFO com.hello.HelloApplication [restartedMain] Hello word (lần 28 )
2022-06-06 10:33:13,787 INFO com.hello.HelloApplication [restartedMain] Hello word (lần 29 )
2022-06-06 10:33:13,787 INFO com.hello.HelloApplication [restartedMain] Hello word (lần 30 )
2022-06-06 10:33:13,787 INFO com.hello.HelloApplication [restartedMain] Hello word (lần 31 )
2022-06-06 10:33:13,787 INFO com.hello.HelloApplication [restartedMain] Hello word (lần 32 )
2022-06-06 10:33:13,787 INFO com.hello.HelloApplication [restartedMain] Hello word (lần 33 )
2022-06-06 10:33:13,787 INFO com.hello.HelloApplication [restartedMain] Hello word (lần 34 )
2022-06-06 10:33:13,787 INFO com.hello.HelloApplication [restartedMain] Hello word (lần 35 )
2022-06-06 10:33:13,787 INFO com.hello.HelloApplication [restartedMain] Hello word (lần 36 )
2022-06-06 10:33:13,787 INFO com.hello.HelloApplication [restartedMain] Hello word (lần 37 )
2022-06-06 10:33:13,787 INFO com.hello.HelloApplication [restartedMain] Hello word (lần 38 )
2022-06-06 10:33:13,787 INFO com.hello.HelloApplication [restartedMain] Hello word (lần 39 )
2022-06-06 10:33:13,787 INFO com.hello.HelloApplication [restartedMain] Hello word (lần 40 )
2022-06-06 10:33:13,787 INFO com.hello.HelloApplication [restartedMain] Hello word (lần 41 )
2022-06-06 10:33:13,787 INFO com.hello.HelloApplication [restartedMain] Hello word (lần 42 )
2022-06-06 10:33:13,787 INFO com.hello.HelloApplication [restartedMain] Hello word (lần 43 )
2022-06-06 10:33:13,787 INFO com.hello.HelloApplication [restartedMain] Hello word (lần 44 )
2022-06-06 10:33:13,787 INFO com.hello.HelloApplication [restartedMain] Hello word (lần 45 )
2022-06-06 10:33:13,787 INFO com.hello.HelloApplication [restartedMain] Hello word (lần 46 )
2022-06-06 10:33:13,787 INFO com.hello.HelloApplication [restartedMain] Hello word (lần 47 )
2022-06-06 10:33:13,787 INFO com.hello.HelloApplication [restartedMain] Hello word (lần 48 )
2022-06-06 10:33:13,787 INFO com.hello.HelloApplication [restartedMain] Hello word (lần 49 )
2022-06-06 10:33:13,787 INFO com.hello.HelloApplication [restartedMain] Hello word (lần 50 )
2022-06-06 10:33:13,787 INFO com.hello.HelloApplication [restartedMain] Hello word (lần 51 )
2022-06-06 10:33:13,787 INFO com.hello.HelloApplication [restartedMain] Hello word (lần 52 )
2022-06-06 10:33:13,787 INFO com.hello.HelloApplication [restartedMain] Hello word (lần 53 )
2022-06-06 10:33:13,787 INFO com.hello.HelloApplication [restartedMain] Hello word (lần 54 )
2022-06-06 10:33:13,787 INFO com.hello.HelloApplication [restartedMain] Hello word (lần 55 )
2022-06-06 10:33:13,787 INFO com.hello.HelloApplication [restartedMain] Hello word (lần 56 )
2022-06-06 10:33:13,787 INFO com.hello.HelloApplication [restartedMain] Hello word (lần 57 )
2022-06-06 10:33:13,787 INFO com.hello.HelloApplication [restartedMain] Hello word (lần 58 )
2022-06-06 10:33:13,787 INFO com.hello.HelloApplication [restartedMain] Hello word (lần 59 )
2022-06-06 10:33:13,787 INFO com.hello.HelloApplication [restartedMain] Hello word (lần 60 )
2022-06-06 10:33:13,787 INFO com.hello.HelloApplication [restartedMain] Hello word (lần 61 )
2022-06-06 10:33:13,787 INFO com.hello.HelloApplication [restartedMain] Hello word (lần 62 )
2022-06-06 10:33:13,787 INFO com.hello.HelloApplication [restartedMain] Hello word (lần 63 )
2022-06-06 10:33:13,787 INFO com.hello.HelloApplication [restartedMain] Hello word (lần 64 )
2022-06-06 10:33:13,787 INFO com.hello.HelloApplication [restartedMain] Hello word (lần 65 )
2022-06-06 10:33:13,787 INFO com.hello.HelloApplication [restartedMain] Hello word (lần 66 )
2022-06-06 10:33:13,787 INFO com.hello.HelloApplication [restartedMain] Hello word (lần 67 )
2022-06-06 10:33:13,787 INFO com.hello.HelloApplication [restartedMain] Hello word (lần 68 )
2022-06-06 10:33:13,787 INFO com.hello.HelloApplication [restartedMain] Hello word (lần 69 )
2022-06-06 10:33:13,787 INFO com.hello.HelloApplication [restartedMain] Hello word (lần 70 )
2022-06-06 10:33:13,787 INFO com.hello.HelloApplication [restartedMain] Hello word (lần 71 )
2022-06-06 10:33:13,787 INFO com.hello.HelloApplication [restartedMain] Hello word (lần 72 )
2022-06-06 10:33:13,787 INFO com.hello.HelloApplication [restartedMain] Hello word (lần 73 )
2022-06-06 10:33:13,787 INFO com.hello.HelloApplication [restartedMain] Hello word (lần 74 )
2022-06-06 10:33:13,787 INFO com.hello.HelloApplication [restartedMain] Hello word (lần 75 )
2022-06-06 10:33:13,792 INFO com.hello.HelloApplication [restartedMain] Hello word (lần 76 )
2022-06-06 10:33:13,792 INFO com.hello.HelloApplication [restartedMain] Hello word (lần 77 )
2022-06-06 10:33:13,792 INFO com.hello.HelloApplication [restartedMain] Hello word (lần 78 )
2022-06-06 10:33:13,792 INFO com.hello.HelloApplication [restartedMain] Hello word (lần 79 )
2022-06-06 10:33:13,792 INFO com.hello.HelloApplication [restartedMain] Hello word (lần 80 )
2022-06-06 10:33:13,792 INFO com.hello.HelloApplication [restartedMain] Hello word (lần 81 )
2022-06-06 10:33:13,792 INFO com.hello.HelloApplication [restartedMain] Hello word (lần 82 )
2022-06-06 10:33:13,792 INFO com.hello.HelloApplication [restartedMain] Hello word (lần 83 )
2022-06-06 10:33:13,792 INFO com.hello.HelloApplication [restartedMain] Hello word (lần 84 )
2022-06-06 10:33:13,792 INFO com.hello.HelloApplication [restartedMain] Hello word (lần 85 )
2022-06-06 10:33:13,792 INFO com.hello.HelloApplication [restartedMain] Hello word (lần 86 )
2022-06-06 10:33:13,792 INFO com.hello.HelloApplication [restartedMain] Hello word (lần 87 )
2022-06-06 10:33:13,792 INFO com.hello.HelloApplication [restartedMain] Hello word (lần 88 )
2022-06-06 10:33:13,792 INFO com.hello.HelloApplication [restartedMain] Hello word (lần 89 )
2022-06-06 10:33:13,792 INFO com.hello.HelloApplication [restartedMain] Hello word (lần 90 )
2022-06-06 10:33:13,792 INFO com.hello.HelloApplication [restartedMain] Hello word (lần 91 )
2022-06-06 10:33:13,792 INFO com.hello.HelloApplication [restartedMain] Hello word (lần 92 )
2022-06-06 10:33:13,792 INFO com.hello.HelloApplication [restartedMain] Hello word (lần 93 )
2022-06-06 10:33:13,792 INFO com.hello.HelloApplication [restartedMain] Hello word (lần 94 )
2022-06-06 10:33:13,792 INFO com.hello.HelloApplication [restartedMain] Hello word (lần 95 )
2022-06-06 10:33:13,792 INFO com.hello.HelloApplication [restartedMain] Hello word (lần 96 )
2022-06-06 10:33:13,792 INFO com.hello.HelloApplication [restartedMain] Hello word (lần 97 )
2022-06-06 10:33:13,792 INFO com.hello.HelloApplication [restartedMain] Hello word (lần 98 )
2022-06-06 10:33:13,792 INFO com.hello.HelloApplication [restartedMain] Hello word (lần 99 )
2022-06-06 10:33:13,792 INFO com.hello.HelloApplication [restartedMain] Hello word (lần 100 )
2022-06-06 10:35:52,439 INFO com.hello.HelloApplication [restartedMain] Starting HelloApplication using Java 1.8.0_251 on API_Service with PID 24820 (D:\demo project\Hello\hello\target\classes started by tuan0 in D:\demo project\Hello\hello)
2022-06-06 10:35:52,455 INFO com.hello.HelloApplication [restartedMain] No active profile set, falling back to 1 default profile: "default"
2022-06-06 10:35:53,043 INFO org.apache.coyote.http11.Http11NioProtocol [restartedMain] Initializing ProtocolHandler ["http-nio-8080"]
2022-06-06 10:35:53,043 INFO org.apache.catalina.core.StandardService [restartedMain] Starting service [Tomcat]
2022-06-06 10:35:53,043 INFO org.apache.catalina.core.StandardEngine [restartedMain] Starting Servlet engine: [Apache Tomcat/9.0.63]
2022-06-06 10:35:53,247 INFO org.apache.catalina.core.ContainerBase.[Tomcat].[localhost].[/] [restartedMain] Initializing Spring embedded WebApplicationContext
2022-06-06 10:35:53,439 INFO org.apache.coyote.http11.Http11NioProtocol [restartedMain] Starting ProtocolHandler ["http-nio-8080"]
2022-06-06 10:35:53,460 INFO com.hello.HelloApplication [restartedMain] Started HelloApplication in 1.227 seconds (JVM running for 2.007)
2022-06-06 10:35:53,460 INFO com.hello.HelloApplication [restartedMain] Hello word (lần 1 )
2022-06-06 10:35:53,460 INFO com.hello.HelloApplication [restartedMain] Hello word (lần 2 )
2022-06-06 10:35:53,460 INFO com.hello.HelloApplication [restartedMain] Hello word (lần 3 )
2022-06-06 10:35:53,460 INFO com.hello.HelloApplication [restartedMain] Hello word (lần 4 )
2022-06-06 10:35:53,460 INFO com.hello.HelloApplication [restartedMain] Hello word (lần 5 )
2022-06-06 10:35:53,460 INFO com.hello.HelloApplication [restartedMain] Hello word (lần 6 )
2022-06-06 10:35:53,460 INFO com.hello.HelloApplication [restartedMain] Hello word (lần 7 )
2022-06-06 10:35:53,460 INFO com.hello.HelloApplication [restartedMain] Hello word (lần 8 )
2022-06-06 10:35:53,460 INFO com.hello.HelloApplication [restartedMain] Hello word (lần 9 )
2022-06-06 10:35:53,460 INFO com.hello.HelloApplication [restartedMain] Hello word (lần 10 )
2022-06-06 10:35:53,460 INFO com.hello.HelloApplication [restartedMain] Hello word (lần 11 )
2022-06-06 10:35:53,460 INFO com.hello.HelloApplication [restartedMain] Hello word (lần 12 )
2022-06-06 10:35:53,460 INFO com.hello.HelloApplication [restartedMain] Hello word (lần 13 )
2022-06-06 10:35:53,460 INFO com.hello.HelloApplication [restartedMain] Hello word (lần 14 )
2022-06-06 10:35:53,460 INFO com.hello.HelloApplication [restartedMain] Hello word (lần 15 )
2022-06-06 10:35:53,460 INFO com.hello.HelloApplication [restartedMain] Hello word (lần 16 )
2022-06-06 10:35:53,460 INFO com.hello.HelloApplication [restartedMain] Hello word (lần 17 )
2022-06-06 10:35:53,460 INFO com.hello.HelloApplication [restartedMain] Hello word (lần 18 )
2022-06-06 10:35:53,460 INFO com.hello.HelloApplication [restartedMain] Hello word (lần 19 )
2022-06-06 10:35:53,460 INFO com.hello.HelloApplication [restartedMain] Hello word (lần 20 )
2022-06-06 10:35:53,460 INFO com.hello.HelloApplication [restartedMain] Hello word (lần 21 )
2022-06-06 10:35:53,460 INFO com.hello.HelloApplication [restartedMain] Hello word (lần 22 )
2022-06-06 10:35:53,460 INFO com.hello.HelloApplication [restartedMain] Hello word (lần 23 )
2022-06-06 10:35:53,460 INFO com.hello.HelloApplication [restartedMain] Hello word (lần 24 )
2022-06-06 10:35:53,460 INFO com.hello.HelloApplication [restartedMain] Hello word (lần 25 )
2022-06-06 10:35:53,460 INFO com.hello.HelloApplication [restartedMain] Hello word (lần 26 )
2022-06-06 10:35:53,460 INFO com.hello.HelloApplication [restartedMain] Hello word (lần 27 )
2022-06-06 10:35:53,460 INFO com.hello.HelloApplication [restartedMain] Hello word (lần 28 )
2022-06-06 10:35:53,460 INFO com.hello.HelloApplication [restartedMain] Hello word (lần 29 )
2022-06-06 10:35:53,460 INFO com.hello.HelloApplication [restartedMain] Hello word (lần 30 )
2022-06-06 10:35:53,460 INFO com.hello.HelloApplication [restartedMain] Hello word (lần 31 )
2022-06-06 10:35:53,460 INFO com.hello.HelloApplication [restartedMain] Hello word (lần 32 )
2022-06-06 10:35:53,460 INFO com.hello.HelloApplication [restartedMain] Hello word (lần 33 )
2022-06-06 10:35:53,460 INFO com.hello.HelloApplication [restartedMain] Hello word (lần 34 )
2022-06-06 10:35:53,460 INFO com.hello.HelloApplication [restartedMain] Hello word (lần 35 )
2022-06-06 10:35:53,460 INFO com.hello.HelloApplication [restartedMain] Hello word (lần 36 )
2022-06-06 10:35:53,460 INFO com.hello.HelloApplication [restartedMain] Hello word (lần 37 )
2022-06-06 10:35:53,460 INFO com.hello.HelloApplication [restartedMain] Hello word (lần 38 )
2022-06-06 10:35:53,460 INFO com.hello.HelloApplication [restartedMain] Hello word (lần 39 )
2022-06-06 10:35:53,460 INFO com.hello.HelloApplication [restartedMain] Hello word (lần 40 )
2022-06-06 10:35:53,460 INFO com.hello.HelloApplication [restartedMain] Hello word (lần 41 )
2022-06-06 10:35:53,460 INFO com.hello.HelloApplication [restartedMain] Hello word (lần 42 )
2022-06-06 10:35:53,460 INFO com.hello.HelloApplication [restartedMain] Hello word (lần 43 )
2022-06-06 10:35:53,460 INFO com.hello.HelloApplication [restartedMain] Hello word (lần 44 )
2022-06-06 10:35:53,460 INFO com.hello.HelloApplication [restartedMain] Hello word (lần 45 )
2022-06-06 10:35:53,460 INFO com.hello.HelloApplication [restartedMain] Hello word (lần 46 )
2022-06-06 10:35:53,460 INFO com.hello.HelloApplication [restartedMain] Hello word (lần 47 )
2022-06-06 10:35:53,460 INFO com.hello.HelloApplication [restartedMain] Hello word (lần 48 )
2022-06-06 10:35:53,475 INFO com.hello.HelloApplication [restartedMain] Hello word (lần 49 )
2022-06-06 10:35:53,476 INFO com.hello.HelloApplication [restartedMain] Hello word (lần 50 )
2022-06-06 10:35:53,476 INFO com.hello.HelloApplication [restartedMain] Hello word (lần 51 )
2022-06-06 10:35:53,476 INFO com.hello.HelloApplication [restartedMain] Hello word (lần 52 )
2022-06-06 10:35:53,476 INFO com.hello.HelloApplication [restartedMain] Hello word (lần 53 )
2022-06-06 10:35:53,476 INFO com.hello.HelloApplication [restartedMain] Hello word (lần 54 )
2022-06-06 10:35:53,476 INFO com.hello.HelloApplication [restartedMain] Hello word (lần 55 )
2022-06-06 10:35:53,476 INFO com.hello.HelloApplication [restartedMain] Hello word (lần 56 )
2022-06-06 10:35:53,476 INFO com.hello.HelloApplication [restartedMain] Hello word (lần 57 )
2022-06-06 10:35:53,476 INFO com.hello.HelloApplication [restartedMain] Hello word (lần 58 )
2022-06-06 10:35:53,476 INFO com.hello.HelloApplication [restartedMain] Hello word (lần 59 )
2022-06-06 10:35:53,476 INFO com.hello.HelloApplication [restartedMain] Hello word (lần 60 )
2022-06-06 10:35:53,476 INFO com.hello.HelloApplication [restartedMain] Hello word (lần 61 )
2022-06-06 10:35:53,476 INFO com.hello.HelloApplication [restartedMain] Hello word (lần 62 )
2022-06-06 10:35:53,476 INFO com.hello.HelloApplication [restartedMain] Hello word (lần 63 )
2022-06-06 10:35:53,476 INFO com.hello.HelloApplication [restartedMain] Hello word (lần 64 )
2022-06-06 10:35:53,476 INFO com.hello.HelloApplication [restartedMain] Hello word (lần 65 )
2022-06-06 10:35:53,476 INFO com.hello.HelloApplication [restartedMain] Hello word (lần 66 )
2022-06-06 10:35:53,476 INFO com.hello.HelloApplication [restartedMain] Hello word (lần 67 )
2022-06-06 10:35:53,476 INFO com.hello.HelloApplication [restartedMain] Hello word (lần 68 )
2022-06-06 10:35:53,476 INFO com.hello.HelloApplication [restartedMain] Hello word (lần 69 )
2022-06-06 10:35:53,476 INFO com.hello.HelloApplication [restartedMain] Hello word (lần 70 )
2022-06-06 10:35:53,476 INFO com.hello.HelloApplication [restartedMain] Hello word (lần 71 )
2022-06-06 10:35:53,476 INFO com.hello.HelloApplication [restartedMain] Hello word (lần 72 )
2022-06-06 10:35:53,476 INFO com.hello.HelloApplication [restartedMain] Hello word (lần 73 )
2022-06-06 10:35:53,476 INFO com.hello.HelloApplication [restartedMain] Hello word (lần 74 )
2022-06-06 10:35:53,476 INFO com.hello.HelloApplication [restartedMain] Hello word (lần 75 )
2022-06-06 10:35:53,476 INFO com.hello.HelloApplication [restartedMain] Hello word (lần 76 )
2022-06-06 10:35:53,476 INFO com.hello.HelloApplication [restartedMain] Hello word (lần 77 )
2022-06-06 10:35:53,476 INFO com.hello.HelloApplication [restartedMain] Hello word (lần 78 )
2022-06-06 10:35:53,476 INFO com.hello.HelloApplication [restartedMain] Hello word (lần 79 )
2022-06-06 10:35:53,476 INFO com.hello.HelloApplication [restartedMain] Hello word (lần 80 )
2022-06-06 10:35:53,476 INFO com.hello.HelloApplication [restartedMain] Hello word (lần 81 )
2022-06-06 10:35:53,476 INFO com.hello.HelloApplication [restartedMain] Hello word (lần 82 )
2022-06-06 10:35:53,476 INFO com.hello.HelloApplication [restartedMain] Hello word (lần 83 )
2022-06-06 10:35:53,476 INFO com.hello.HelloApplication [restartedMain] Hello word (lần 84 )
2022-06-06 10:35:53,476 INFO com.hello.HelloApplication [restartedMain] Hello word (lần 85 )
2022-06-06 10:35:53,476 INFO com.hello.HelloApplication [restartedMain] Hello word (lần 86 )
2022-06-06 10:35:53,476 INFO com.hello.HelloApplication [restartedMain] Hello word (lần 87 )
2022-06-06 10:35:53,476 INFO com.hello.HelloApplication [restartedMain] Hello word (lần 88 )
2022-06-06 10:35:53,476 INFO com.hello.HelloApplication [restartedMain] Hello word (lần 89 )
2022-06-06 10:35:53,476 INFO com.hello.HelloApplication [restartedMain] Hello word (lần 90 )
2022-06-06 10:35:53,476 INFO com.hello.HelloApplication [restartedMain] Hello word (lần 91 )
2022-06-06 10:35:53,476 INFO com.hello.HelloApplication [restartedMain] Hello word (lần 92 )
2022-06-06 10:35:53,476 INFO com.hello.HelloApplication [restartedMain] Hello word (lần 93 )
2022-06-06 10:35:53,476 INFO com.hello.HelloApplication [restartedMain] Hello word (lần 94 )
2022-06-06 10:35:53,476 INFO com.hello.HelloApplication [restartedMain] Hello word (lần 95 )
2022-06-06 10:35:53,476 INFO com.hello.HelloApplication [restartedMain] Hello word (lần 96 )
2022-06-06 10:35:53,476 INFO com.hello.HelloApplication [restartedMain] Hello word (lần 97 )
2022-06-06 10:35:53,476 INFO com.hello.HelloApplication [restartedMain] Hello word (lần 98 )
2022-06-06 10:35:53,476 INFO com.hello.HelloApplication [restartedMain] Hello word (lần 99 )
2022-06-06 10:35:53,476 INFO com.hello.HelloApplication [restartedMain] Hello word (lần 100 )
2022-06-06 10:35:53,476 WARN com.hello.HelloApplication [restartedMain] Texxt wwarn
2022-06-06 10:35:53,476 ERROR com.hello.HelloApplication [restartedMain] Text error
