2022-06-17 11:01:52,667 INFO com.hello.HelloApplication [restartedMain] Starting HelloApplication using Java 1.8.0_251 on API_Service with PID 11676 (D:\demo project\Hello\hello\target\classes started by tuan0 in D:\demo project\Hello\hello)
2022-06-17 11:01:52,682 INFO com.hello.HelloApplication [restartedMain] No active profile set, falling back to 1 default profile: "default"
2022-06-17 11:01:53,665 INFO org.apache.coyote.http11.Http11NioProtocol [restartedMain] Initializing ProtocolHandler ["http-nio-8080"]
2022-06-17 11:01:53,665 INFO org.apache.catalina.core.StandardService [restartedMain] Starting service [Tomcat]
2022-06-17 11:01:53,665 INFO org.apache.catalina.core.StandardEngine [restartedMain] Starting Servlet engine: [Apache Tomcat/9.0.63]
2022-06-17 11:01:54,836 INFO org.apache.catalina.core.ContainerBase.[Tomcat].[localhost].[/] [restartedMain] Initializing Spring embedded WebApplicationContext
2022-06-17 11:01:55,105 INFO org.apache.coyote.http11.Http11NioProtocol [restartedMain] Starting ProtocolHandler ["http-nio-8080"]
2022-06-17 11:01:55,105 INFO org.apache.coyote.http11.Http11NioProtocol [restartedMain] Pausing ProtocolHandler ["http-nio-8080"]
2022-06-17 11:01:55,105 INFO org.apache.catalina.core.StandardService [restartedMain] Stopping service [Tomcat]
2022-06-17 11:01:55,105 INFO org.apache.coyote.http11.Http11NioProtocol [restartedMain] Stopping ProtocolHandler ["http-nio-8080"]
2022-06-17 11:01:55,105 INFO org.apache.coyote.http11.Http11NioProtocol [restartedMain] Destroying ProtocolHandler ["http-nio-8080"]
2022-06-17 11:01:55,138 ERROR org.springframework.boot.diagnostics.LoggingFailureAnalysisReporter [restartedMain] 

***************************
APPLICATION FAILED TO START
***************************

Description:

Web server failed to start. Port 8080 was already in use.

Action:

Identify and stop the process that's listening on port 8080 or configure this application to listen on another port.

2022-06-17 11:03:10,473 INFO com.hello.HelloApplication [restartedMain] Starting HelloApplication using Java 1.8.0_251 on API_Service with PID 19072 (D:\demo project\Hello\hello\target\classes started by tuan0 in D:\demo project\Hello\hello)
2022-06-17 11:03:10,473 INFO com.hello.HelloApplication [restartedMain] No active profile set, falling back to 1 default profile: "default"
2022-06-17 11:03:11,174 INFO org.apache.coyote.http11.Http11NioProtocol [restartedMain] Initializing ProtocolHandler ["http-nio-8081"]
2022-06-17 11:03:11,174 INFO org.apache.catalina.core.StandardService [restartedMain] Starting service [Tomcat]
2022-06-17 11:03:11,174 INFO org.apache.catalina.core.StandardEngine [restartedMain] Starting Servlet engine: [Apache Tomcat/9.0.63]
2022-06-17 11:03:11,309 INFO org.apache.catalina.core.ContainerBase.[Tomcat].[localhost].[/] [restartedMain] Initializing Spring embedded WebApplicationContext
2022-06-17 11:03:11,531 INFO org.apache.coyote.http11.Http11NioProtocol [restartedMain] Starting ProtocolHandler ["http-nio-8081"]
2022-06-17 11:03:11,546 INFO com.hello.HelloApplication [restartedMain] Started HelloApplication in 1.37 seconds (JVM running for 2.169)
2022-06-17 11:03:11,546 INFO com.hello.HelloApplication [restartedMain] Hello word (lần 1 )
2022-06-17 11:03:11,546 INFO com.hello.HelloApplication [restartedMain] Hello word (lần 2 )
2022-06-17 11:03:11,546 INFO com.hello.HelloApplication [restartedMain] Hello word (lần 3 )
2022-06-17 11:03:11,546 INFO com.hello.HelloApplication [restartedMain] Hello word (lần 4 )
2022-06-17 11:03:11,546 INFO com.hello.HelloApplication [restartedMain] Hello word (lần 5 )
2022-06-17 11:03:11,546 INFO com.hello.HelloApplication [restartedMain] Hello word (lần 6 )
2022-06-17 11:03:11,546 INFO com.hello.HelloApplication [restartedMain] Hello word (lần 7 )
2022-06-17 11:03:11,546 INFO com.hello.HelloApplication [restartedMain] Hello word (lần 8 )
2022-06-17 11:03:11,546 INFO com.hello.HelloApplication [restartedMain] Hello word (lần 9 )
2022-06-17 11:03:11,546 INFO com.hello.HelloApplication [restartedMain] Hello word (lần 10 )
2022-06-17 11:03:11,546 INFO com.hello.HelloApplication [restartedMain] Hello word (lần 11 )
2022-06-17 11:03:11,546 INFO com.hello.HelloApplication [restartedMain] Hello word (lần 12 )
2022-06-17 11:03:11,546 INFO com.hello.HelloApplication [restartedMain] Hello word (lần 13 )
2022-06-17 11:03:11,546 INFO com.hello.HelloApplication [restartedMain] Hello word (lần 14 )
2022-06-17 11:03:11,546 INFO com.hello.HelloApplication [restartedMain] Hello word (lần 15 )
2022-06-17 11:03:11,546 INFO com.hello.HelloApplication [restartedMain] Hello word (lần 16 )
2022-06-17 11:03:11,546 INFO com.hello.HelloApplication [restartedMain] Hello word (lần 17 )
2022-06-17 11:03:11,546 INFO com.hello.HelloApplication [restartedMain] Hello word (lần 18 )
2022-06-17 11:03:11,546 INFO com.hello.HelloApplication [restartedMain] Hello word (lần 19 )
2022-06-17 11:03:11,546 INFO com.hello.HelloApplication [restartedMain] Hello word (lần 20 )
2022-06-17 11:03:11,546 INFO com.hello.HelloApplication [restartedMain] Hello word (lần 21 )
2022-06-17 11:03:11,546 INFO com.hello.HelloApplication [restartedMain] Hello word (lần 22 )
2022-06-17 11:03:11,546 INFO com.hello.HelloApplication [restartedMain] Hello word (lần 23 )
2022-06-17 11:03:11,546 INFO com.hello.HelloApplication [restartedMain] Hello word (lần 24 )
2022-06-17 11:03:11,546 INFO com.hello.HelloApplication [restartedMain] Hello word (lần 25 )
2022-06-17 11:03:11,546 INFO com.hello.HelloApplication [restartedMain] Hello word (lần 26 )
2022-06-17 11:03:11,546 INFO com.hello.HelloApplication [restartedMain] Hello word (lần 27 )
2022-06-17 11:03:11,546 INFO com.hello.HelloApplication [restartedMain] Hello word (lần 28 )
2022-06-17 11:03:11,546 INFO com.hello.HelloApplication [restartedMain] Hello word (lần 29 )
2022-06-17 11:03:11,546 INFO com.hello.HelloApplication [restartedMain] Hello word (lần 30 )
2022-06-17 11:03:11,546 INFO com.hello.HelloApplication [restartedMain] Hello word (lần 31 )
2022-06-17 11:03:11,546 INFO com.hello.HelloApplication [restartedMain] Hello word (lần 32 )
2022-06-17 11:03:11,546 INFO com.hello.HelloApplication [restartedMain] Hello word (lần 33 )
2022-06-17 11:03:11,546 INFO com.hello.HelloApplication [restartedMain] Hello word (lần 34 )
2022-06-17 11:03:11,546 INFO com.hello.HelloApplication [restartedMain] Hello word (lần 35 )
2022-06-17 11:03:11,546 INFO com.hello.HelloApplication [restartedMain] Hello word (lần 36 )
2022-06-17 11:03:11,546 INFO com.hello.HelloApplication [restartedMain] Hello word (lần 37 )
2022-06-17 11:03:11,546 INFO com.hello.HelloApplication [restartedMain] Hello word (lần 38 )
2022-06-17 11:03:11,546 INFO com.hello.HelloApplication [restartedMain] Hello word (lần 39 )
2022-06-17 11:03:11,546 INFO com.hello.HelloApplication [restartedMain] Hello word (lần 40 )
2022-06-17 11:03:11,546 INFO com.hello.HelloApplication [restartedMain] Hello word (lần 41 )
2022-06-17 11:03:11,546 INFO com.hello.HelloApplication [restartedMain] Hello word (lần 42 )
2022-06-17 11:03:11,546 INFO com.hello.HelloApplication [restartedMain] Hello word (lần 43 )
2022-06-17 11:03:11,546 INFO com.hello.HelloApplication [restartedMain] Hello word (lần 44 )
2022-06-17 11:03:11,546 INFO com.hello.HelloApplication [restartedMain] Hello word (lần 45 )
2022-06-17 11:03:11,546 INFO com.hello.HelloApplication [restartedMain] Hello word (lần 46 )
2022-06-17 11:03:11,546 INFO com.hello.HelloApplication [restartedMain] Hello word (lần 47 )
2022-06-17 11:03:11,546 INFO com.hello.HelloApplication [restartedMain] Hello word (lần 48 )
2022-06-17 11:03:11,546 INFO com.hello.HelloApplication [restartedMain] Hello word (lần 49 )
2022-06-17 11:03:11,546 INFO com.hello.HelloApplication [restartedMain] Hello word (lần 50 )
2022-06-17 11:03:11,546 INFO com.hello.HelloApplication [restartedMain] Hello word (lần 51 )
2022-06-17 11:03:11,546 INFO com.hello.HelloApplication [restartedMain] Hello word (lần 52 )
2022-06-17 11:03:11,546 INFO com.hello.HelloApplication [restartedMain] Hello word (lần 53 )
2022-06-17 11:03:11,546 INFO com.hello.HelloApplication [restartedMain] Hello word (lần 54 )
2022-06-17 11:03:11,546 INFO com.hello.HelloApplication [restartedMain] Hello word (lần 55 )
2022-06-17 11:03:11,546 INFO com.hello.HelloApplication [restartedMain] Hello word (lần 56 )
2022-06-17 11:03:11,546 INFO com.hello.HelloApplication [restartedMain] Hello word (lần 57 )
2022-06-17 11:03:11,546 INFO com.hello.HelloApplication [restartedMain] Hello word (lần 58 )
2022-06-17 11:03:11,546 INFO com.hello.HelloApplication [restartedMain] Hello word (lần 59 )
2022-06-17 11:03:11,546 INFO com.hello.HelloApplication [restartedMain] Hello word (lần 60 )
2022-06-17 11:03:11,546 INFO com.hello.HelloApplication [restartedMain] Hello word (lần 61 )
2022-06-17 11:03:11,546 INFO com.hello.HelloApplication [restartedMain] Hello word (lần 62 )
2022-06-17 11:03:11,546 INFO com.hello.HelloApplication [restartedMain] Hello word (lần 63 )
2022-06-17 11:03:11,546 INFO com.hello.HelloApplication [restartedMain] Hello word (lần 64 )
2022-06-17 11:03:11,546 INFO com.hello.HelloApplication [restartedMain] Hello word (lần 65 )
2022-06-17 11:03:11,546 INFO com.hello.HelloApplication [restartedMain] Hello word (lần 66 )
2022-06-17 11:03:11,546 INFO com.hello.HelloApplication [restartedMain] Hello word (lần 67 )
2022-06-17 11:03:11,546 INFO com.hello.HelloApplication [restartedMain] Hello word (lần 68 )
2022-06-17 11:03:11,546 INFO com.hello.HelloApplication [restartedMain] Hello word (lần 69 )
2022-06-17 11:03:11,546 INFO com.hello.HelloApplication [restartedMain] Hello word (lần 70 )
2022-06-17 11:03:11,546 INFO com.hello.HelloApplication [restartedMain] Hello word (lần 71 )
2022-06-17 11:03:11,546 INFO com.hello.HelloApplication [restartedMain] Hello word (lần 72 )
2022-06-17 11:03:11,546 INFO com.hello.HelloApplication [restartedMain] Hello word (lần 73 )
2022-06-17 11:03:11,546 INFO com.hello.HelloApplication [restartedMain] Hello word (lần 74 )
2022-06-17 11:03:11,546 INFO com.hello.HelloApplication [restartedMain] Hello word (lần 75 )
2022-06-17 11:03:11,546 INFO com.hello.HelloApplication [restartedMain] Hello word (lần 76 )
2022-06-17 11:03:11,546 INFO com.hello.HelloApplication [restartedMain] Hello word (lần 77 )
2022-06-17 11:03:11,546 INFO com.hello.HelloApplication [restartedMain] Hello word (lần 78 )
2022-06-17 11:03:11,546 INFO com.hello.HelloApplication [restartedMain] Hello word (lần 79 )
2022-06-17 11:03:11,546 INFO com.hello.HelloApplication [restartedMain] Hello word (lần 80 )
2022-06-17 11:03:11,546 INFO com.hello.HelloApplication [restartedMain] Hello word (lần 81 )
2022-06-17 11:03:11,546 INFO com.hello.HelloApplication [restartedMain] Hello word (lần 82 )
2022-06-17 11:03:11,546 INFO com.hello.HelloApplication [restartedMain] Hello word (lần 83 )
2022-06-17 11:03:11,546 INFO com.hello.HelloApplication [restartedMain] Hello word (lần 84 )
2022-06-17 11:03:11,546 INFO com.hello.HelloApplication [restartedMain] Hello word (lần 85 )
2022-06-17 11:03:11,546 INFO com.hello.HelloApplication [restartedMain] Hello word (lần 86 )
2022-06-17 11:03:11,546 INFO com.hello.HelloApplication [restartedMain] Hello word (lần 87 )
2022-06-17 11:03:11,546 INFO com.hello.HelloApplication [restartedMain] Hello word (lần 88 )
2022-06-17 11:03:11,546 INFO com.hello.HelloApplication [restartedMain] Hello word (lần 89 )
2022-06-17 11:03:11,546 INFO com.hello.HelloApplication [restartedMain] Hello word (lần 90 )
2022-06-17 11:03:11,546 INFO com.hello.HelloApplication [restartedMain] Hello word (lần 91 )
2022-06-17 11:03:11,546 INFO com.hello.HelloApplication [restartedMain] Hello word (lần 92 )
2022-06-17 11:03:11,546 INFO com.hello.HelloApplication [restartedMain] Hello word (lần 93 )
2022-06-17 11:03:11,546 INFO com.hello.HelloApplication [restartedMain] Hello word (lần 94 )
2022-06-17 11:03:11,546 INFO com.hello.HelloApplication [restartedMain] Hello word (lần 95 )
2022-06-17 11:03:11,546 INFO com.hello.HelloApplication [restartedMain] Hello word (lần 96 )
2022-06-17 11:03:11,546 INFO com.hello.HelloApplication [restartedMain] Hello word (lần 97 )
2022-06-17 11:03:11,546 INFO com.hello.HelloApplication [restartedMain] Hello word (lần 98 )
2022-06-17 11:03:11,546 INFO com.hello.HelloApplication [restartedMain] Hello word (lần 99 )
2022-06-17 11:03:11,546 INFO com.hello.HelloApplication [restartedMain] Hello word (lần 100 )
